[00:13:44] [Server thread/INFO] [bettercaves]: Better Caves config file for dimension 0 not found. Using global config...
[00:13:44] [Server thread/INFO] [bettercaves]: Using block 'minecraft:lava' as lava in cave generation for dimension 0 (OVERWORLD) ...
[00:13:44] [Server thread/INFO] [bettercaves]: Using block 'minecraft:water' as water in cave generation for dimension 0 (OVERWORLD) ...
[00:13:44] [Server thread/INFO] [bettercaves]: Better Caves config file for dimension 0 not found. Using global config...
[00:13:44] [Server thread/INFO] [bettercaves]: Using block 'minecraft:lava' as lava in cave generation for dimension 0 (OVERWORLD) ...
[00:13:44] [Server thread/INFO] [bettercaves]: Using block 'minecraft:water' as water in cave generation for dimension 0 (OVERWORLD) ...
[00:13:44] [Server thread/INFO] [Astral Sorcery]: Load CachedWorldData 'structures' for world 0
[00:13:44] [Server thread/INFO] [Astral Sorcery]: Loading of 'structures' for world 0 finished.
[00:14:20] [Server thread/INFO] [Lootr]: Added minecraft:hopper to the Lootr block replacement list.
[00:14:20] [Server thread/INFO] [Lootr]: Added minecraft:white_shulker_box to the Lootr block replacement list.
[00:14:20] [Server thread/INFO] [Lootr]: Added minecraft:orange_shulker_box to the Lootr block replacement list.
[00:14:20] [Server thread/INFO] [Lootr]: Added minecraft:magenta_shulker_box to the Lootr block replacement list.
[00:14:20] [Server thread/INFO] [Lootr]: Added minecraft:light_blue_shulker_box to the Lootr block replacement list.
[00:14:20] [Server thread/INFO] [Lootr]: Added minecraft:yellow_shulker_box to the Lootr block replacement list.
[00:14:20] [Server thread/INFO] [Lootr]: Added minecraft:lime_shulker_box to the Lootr block replacement list.
[00:14:20] [Server thread/INFO] [Lootr]: Added minecraft:pink_shulker_box to the Lootr block replacement list.
[00:14:20] [Server thread/INFO] [Lootr]: Added minecraft:gray_shulker_box to the Lootr block replacement list.
[00:14:20] [Server thread/INFO] [Lootr]: Added minecraft:silver_shulker_box to the Lootr block replacement list.
[00:14:20] [Server thread/INFO] [Lootr]: Added minecraft:cyan_shulker_box to the Lootr block replacement list.
[00:14:20] [Server thread/INFO] [Lootr]: Added minecraft:blue_shulker_box to the Lootr block replacement list.
[00:14:20] [Server thread/INFO] [Lootr]: Added minecraft:brown_shulker_box to the Lootr block replacement list.
[00:14:20] [Server thread/INFO] [Lootr]: Added minecraft:green_shulker_box to the Lootr block replacement list.
[00:14:20] [Server thread/INFO] [Lootr]: Added minecraft:red_shulker_box to the Lootr block replacement list.
[00:14:20] [Server thread/INFO] [Lootr]: Added minecraft:black_shulker_box to the Lootr block replacement list.
[00:14:20] [Server thread/INFO] [Lootr]: Added advanced_smelter:alchemical_grate to the Lootr block replacement list.
[00:14:21] [Server thread/INFO] [XU2BinPatchManager]: Successfully applied runtime patches for com.rwtema.extrautils2.tile.TileTrashCanFluids$1 (new size 1955)
[00:14:22] [Server thread/INFO] [Lootr]: Added rustic:vase to the Lootr block replacement list.
[00:14:22] [Server thread/INFO] [Lootr]: Added rustic:barrel to the Lootr block replacement list.
[00:14:22] [Server thread/INFO] [Lootr]: Added rustic:cabinet to the Lootr block replacement list.
[00:14:22] [Server thread/INFO] [Lootr]: Added thaumcraft:hungry_chest to the Lootr block replacement list.
[00:14:23] [Server thread/INFO] [Lootr]: Added tconstruct:wooden_hopper to the Lootr block replacement list.
[00:14:23] [Server thread/INFO] [Lootr]: Added quark:custom_chest to the Lootr block replacement list.
[00:14:23] [Server thread/INFO] [Lootr]: Added quark:custom_chest_trap to the Lootr block replacement list.
[00:14:23] [Server thread/WARN] [TickCentral]: Unable to get superclass as resource: net/minecraft/client/model/ModelBase (net/minecraft/client/model/ModelBase) Do you have a broken installation? It is referenced in its_meow/betteranimalsplus/client/model/ModelTrilliumMulti (its_meow/betteranimalsplus/client/model/ModelTrilliumMulti)
[00:14:23] [Server thread/WARN] [TickCentral]: Unable to get superclass as resource: net/minecraft/client/model/ModelBase (net/minecraft/client/model/ModelBase) Do you have a broken installation? It is referenced in its_meow/betteranimalsplus/client/model/ModelTrilliumMulti (its_meow/betteranimalsplus/client/model/ModelTrilliumMulti)
[00:14:23] [Server thread/WARN] [TickCentral]: Unable to get superclass as resource: net/minecraft/client/model/ModelBase (net/minecraft/client/model/ModelBase) Do you have a broken installation? It is referenced in its_meow/betteranimalsplus/client/model/ModelTrilliumMulti (its_meow/betteranimalsplus/client/model/ModelTrilliumMulti)
[00:14:23] [Server thread/WARN] [TickCentral]: Unable to get superclass as resource: net/minecraft/client/model/ModelBase (net/minecraft/client/model/ModelBase) Do you have a broken installation? It is referenced in its_meow/betteranimalsplus/client/model/ModelTrillium (its_meow/betteranimalsplus/client/model/ModelTrillium)
[00:14:23] [Server thread/WARN] [TickCentral]: Unable to get superclass as resource: net/minecraft/client/model/ModelBase (net/minecraft/client/model/ModelBase) Do you have a broken installation? It is referenced in its_meow/betteranimalsplus/client/model/ModelTrillium (its_meow/betteranimalsplus/client/model/ModelTrillium)
[00:14:23] [Server thread/WARN] [TickCentral]: Unable to get superclass as resource: net/minecraft/client/model/ModelBase (net/minecraft/client/model/ModelBase) Do you have a broken installation? It is referenced in its_meow/betteranimalsplus/client/model/ModelTrillium (its_meow/betteranimalsplus/client/model/ModelTrillium)
[00:14:23] [Server thread/WARN] [TickCentral]: Unable to get superclass as resource: net/minecraft/client/model/ModelBase (net/minecraft/client/model/ModelBase) Do you have a broken installation? It is referenced in its_meow/betteranimalsplus/client/model/ModelTrilliumMulti2 (its_meow/betteranimalsplus/client/model/ModelTrilliumMulti2)
[00:14:23] [Server thread/WARN] [TickCentral]: Unable to get superclass as resource: net/minecraft/client/model/ModelBase (net/minecraft/client/model/ModelBase) Do you have a broken installation? It is referenced in its_meow/betteranimalsplus/client/model/ModelTrilliumMulti2 (its_meow/betteranimalsplus/client/model/ModelTrilliumMulti2)
[00:14:23] [Server thread/WARN] [TickCentral]: Unable to get superclass as resource: net/minecraft/client/model/ModelBase (net/minecraft/client/model/ModelBase) Do you have a broken installation? It is referenced in its_meow/betteranimalsplus/client/model/ModelTrilliumMulti2 (its_meow/betteranimalsplus/client/model/ModelTrilliumMulti2)
[00:14:23] [Server thread/WARN] [TickCentral]: Unable to get superclass as resource: net/minecraft/client/model/ModelBase (net/minecraft/client/model/ModelBase) Do you have a broken installation? It is referenced in its_meow/betteranimalsplus/client/model/ModelFeralWolfHead (its_meow/betteranimalsplus/client/model/ModelFeralWolfHead)
[00:14:23] [Server thread/WARN] [TickCentral]: Unable to get superclass as resource: net/minecraft/client/model/ModelBase (net/minecraft/client/model/ModelBase) Do you have a broken installation? It is referenced in its_meow/betteranimalsplus/client/model/ModelFeralWolfHead (its_meow/betteranimalsplus/client/model/ModelFeralWolfHead)
[00:14:23] [Server thread/WARN] [TickCentral]: Unable to get superclass as resource: net/minecraft/client/model/ModelBase (net/minecraft/client/model/ModelBase) Do you have a broken installation? It is referenced in its_meow/betteranimalsplus/client/model/ModelFeralWolfHead (its_meow/betteranimalsplus/client/model/ModelFeralWolfHead)
[00:14:23] [Server thread/WARN] [TickCentral]: Unable to get superclass as resource: net/minecraft/client/model/ModelBase (net/minecraft/client/model/ModelBase) Do you have a broken installation? It is referenced in its_meow/betteranimalsplus/client/model/ModelCoyoteHead (its_meow/betteranimalsplus/client/model/ModelCoyoteHead)
[00:14:23] [Server thread/WARN] [TickCentral]: Unable to get superclass as resource: net/minecraft/client/model/ModelBase (net/minecraft/client/model/ModelBase) Do you have a broken installation? It is referenced in its_meow/betteranimalsplus/client/model/ModelCoyoteHead (its_meow/betteranimalsplus/client/model/ModelCoyoteHead)
[00:14:23] [Server thread/WARN] [TickCentral]: Unable to get superclass as resource: net/minecraft/client/model/ModelBase (net/minecraft/client/model/ModelBase) Do you have a broken installation? It is referenced in its_meow/betteranimalsplus/client/model/ModelCoyoteHead (its_meow/betteranimalsplus/client/model/ModelCoyoteHead)
[00:14:23] [Server thread/WARN] [TickCentral]: Unable to get superclass as resource: net/minecraft/client/model/ModelBase (net/minecraft/client/model/ModelBase) Do you have a broken installation? It is referenced in its_meow/betteranimalsplus/client/model/ModelFoxHead (its_meow/betteranimalsplus/client/model/ModelFoxHead)
[00:14:23] [Server thread/WARN] [TickCentral]: Unable to get superclass as resource: net/minecraft/client/model/ModelBase (net/minecraft/client/model/ModelBase) Do you have a broken installation? It is referenced in its_meow/betteranimalsplus/client/model/ModelFoxHead (its_meow/betteranimalsplus/client/model/ModelFoxHead)
[00:14:23] [Server thread/WARN] [TickCentral]: Unable to get superclass as resource: net/minecraft/client/model/ModelBase (net/minecraft/client/model/ModelBase) Do you have a broken installation? It is referenced in its_meow/betteranimalsplus/client/model/ModelFoxHead (its_meow/betteranimalsplus/client/model/ModelFoxHead)
[00:14:23] [Server thread/WARN] [TickCentral]: Unable to get superclass as resource: net/minecraft/client/model/ModelBase (net/minecraft/client/model/ModelBase) Do you have a broken installation? It is referenced in its_meow/betteranimalsplus/client/model/ModelBoarHead (its_meow/betteranimalsplus/client/model/ModelBoarHead)
[00:14:23] [Server thread/WARN] [TickCentral]: Unable to get superclass as resource: net/minecraft/client/model/ModelBase (net/minecraft/client/model/ModelBase) Do you have a broken installation? It is referenced in its_meow/betteranimalsplus/client/model/ModelBoarHead (its_meow/betteranimalsplus/client/model/ModelBoarHead)
[00:14:23] [Server thread/WARN] [TickCentral]: Unable to get superclass as resource: net/minecraft/client/model/ModelBase (net/minecraft/client/model/ModelBase) Do you have a broken installation? It is referenced in its_meow/betteranimalsplus/client/model/ModelBoarHead (its_meow/betteranimalsplus/client/model/ModelBoarHead)
[00:14:23] [Server thread/WARN] [TickCentral]: Unable to get superclass as resource: net/minecraft/client/model/ModelBase (net/minecraft/client/model/ModelBase) Do you have a broken installation? It is referenced in its_meow/betteranimalsplus/client/model/ModelBearHead (its_meow/betteranimalsplus/client/model/ModelBearHead)
[00:14:23] [Server thread/WARN] [TickCentral]: Unable to get superclass as resource: net/minecraft/client/model/ModelBase (net/minecraft/client/model/ModelBase) Do you have a broken installation? It is referenced in its_meow/betteranimalsplus/client/model/ModelBearHead (its_meow/betteranimalsplus/client/model/ModelBearHead)
[00:14:23] [Server thread/WARN] [TickCentral]: Unable to get superclass as resource: net/minecraft/client/model/ModelBase (net/minecraft/client/model/ModelBase) Do you have a broken installation? It is referenced in its_meow/betteranimalsplus/client/model/ModelBearHead (its_meow/betteranimalsplus/client/model/ModelBearHead)
[00:14:23] [Server thread/WARN] [TickCentral]: Unable to get superclass as resource: net/minecraft/client/model/ModelBase (net/minecraft/client/model/ModelBase) Do you have a broken installation? It is referenced in its_meow/betteranimalsplus/client/model/ModelDeerHead (its_meow/betteranimalsplus/client/model/ModelDeerHead)
[00:14:23] [Server thread/WARN] [TickCentral]: Unable to get superclass as resource: net/minecraft/client/model/ModelBase (net/minecraft/client/model/ModelBase) Do you have a broken installation? It is referenced in its_meow/betteranimalsplus/client/model/ModelDeerHead (its_meow/betteranimalsplus/client/model/ModelDeerHead)
[00:14:23] [Server thread/WARN] [TickCentral]: Unable to get superclass as resource: net/minecraft/client/model/ModelBase (net/minecraft/client/model/ModelBase) Do you have a broken installation? It is referenced in its_meow/betteranimalsplus/client/model/ModelDeerHead (its_meow/betteranimalsplus/client/model/ModelDeerHead)
[00:14:23] [Server thread/WARN] [TickCentral]: Unable to get superclass as resource: net/minecraft/client/model/ModelBase (net/minecraft/client/model/ModelBase) Do you have a broken installation? It is referenced in its_meow/betteranimalsplus/client/model/ModelReindeerHead (its_meow/betteranimalsplus/client/model/ModelReindeerHead)
[00:14:23] [Server thread/WARN] [TickCentral]: Unable to get superclass as resource: net/minecraft/client/model/ModelBase (net/minecraft/client/model/ModelBase) Do you have a broken installation? It is referenced in its_meow/betteranimalsplus/client/model/ModelReindeerHead (its_meow/betteranimalsplus/client/model/ModelReindeerHead)
[00:14:23] [Server thread/WARN] [TickCentral]: Unable to get superclass as resource: net/minecraft/client/model/ModelBase (net/minecraft/client/model/ModelBase) Do you have a broken installation? It is referenced in its_meow/betteranimalsplus/client/model/ModelReindeerHead (its_meow/betteranimalsplus/client/model/ModelReindeerHead)
[00:14:23] [Server thread/WARN] [TickCentral]: Unable to get superclass as resource: net/minecraft/client/model/ModelBase (net/minecraft/client/model/ModelBase) Do you have a broken installation? It is referenced in its_meow/betteranimalsplus/client/model/ModelMooseHead (its_meow/betteranimalsplus/client/model/ModelMooseHead)
[00:14:23] [Server thread/WARN] [TickCentral]: Unable to get superclass as resource: net/minecraft/client/model/ModelBase (net/minecraft/client/model/ModelBase) Do you have a broken installation? It is referenced in its_meow/betteranimalsplus/client/model/ModelMooseHead (its_meow/betteranimalsplus/client/model/ModelMooseHead)
[00:14:23] [Server thread/WARN] [TickCentral]: Unable to get superclass as resource: net/minecraft/client/model/ModelBase (net/minecraft/client/model/ModelBase) Do you have a broken installation? It is referenced in its_meow/betteranimalsplus/client/model/ModelMooseHead (its_meow/betteranimalsplus/client/model/ModelMooseHead)
[00:14:23] [Server thread/WARN] [TickCentral]: Unable to get superclass as resource: net/minecraft/client/model/ModelBase (net/minecraft/client/model/ModelBase) Do you have a broken installation? It is referenced in its_meow/betteranimalsplus/client/model/ModelHirschgeistSkull (its_meow/betteranimalsplus/client/model/ModelHirschgeistSkull)
[00:14:23] [Server thread/WARN] [TickCentral]: Unable to get superclass as resource: net/minecraft/client/model/ModelBase (net/minecraft/client/model/ModelBase) Do you have a broken installation? It is referenced in its_meow/betteranimalsplus/client/model/ModelHirschgeistSkull (its_meow/betteranimalsplus/client/model/ModelHirschgeistSkull)
[00:14:23] [Server thread/WARN] [TickCentral]: Unable to get superclass as resource: net/minecraft/client/model/ModelBase (net/minecraft/client/model/ModelBase) Do you have a broken installation? It is referenced in its_meow/betteranimalsplus/client/model/ModelHirschgeistSkull (its_meow/betteranimalsplus/client/model/ModelHirschgeistSkull)
[00:14:24] [Server thread/INFO] [Lootr]: Added ironchest:iron_chest to the Lootr block replacement list.
[00:14:24] [Server thread/INFO] [Lootr]: Added ironchest:iron_shulker_box_white to the Lootr block replacement list.
[00:14:24] [Server thread/INFO] [Lootr]: Added ironchest:iron_shulker_box_orange to the Lootr block replacement list.
[00:14:24] [Server thread/INFO] [Lootr]: Added ironchest:iron_shulker_box_magenta to the Lootr block replacement list.
[00:14:24] [Server thread/INFO] [Lootr]: Added ironchest:iron_shulker_box_light_blue to the Lootr block replacement list.
[00:14:24] [Server thread/INFO] [Lootr]: Added ironchest:iron_shulker_box_yellow to the Lootr block replacement list.
[00:14:24] [Server thread/INFO] [Lootr]: Added ironchest:iron_shulker_box_lime to the Lootr block replacement list.
[00:14:24] [Server thread/INFO] [Lootr]: Added ironchest:iron_shulker_box_pink to the Lootr block replacement list.
[00:14:24] [Server thread/INFO] [Lootr]: Added ironchest:iron_shulker_box_gray to the Lootr block replacement list.
[00:14:24] [Server thread/INFO] [Lootr]: Added ironchest:iron_shulker_box_silver to the Lootr block replacement list.
[00:14:24] [Server thread/INFO] [Lootr]: Added ironchest:iron_shulker_box_cyan to the Lootr block replacement list.
[00:14:24] [Server thread/INFO] [Lootr]: Added ironchest:iron_shulker_box_purple to the Lootr block replacement list.
[00:14:24] [Server thread/INFO] [Lootr]: Added ironchest:iron_shulker_box_blue to the Lootr block replacement list.
[00:14:24] [Server thread/INFO] [Lootr]: Added ironchest:iron_shulker_box_brown to the Lootr block replacement list.
[00:14:24] [Server thread/INFO] [Lootr]: Added ironchest:iron_shulker_box_green to the Lootr block replacement list.
[00:14:24] [Server thread/INFO] [Lootr]: Added ironchest:iron_shulker_box_red to the Lootr block replacement list.
[00:14:24] [Server thread/INFO] [Lootr]: Added ironchest:iron_shulker_box_black to the Lootr block replacement list.
[00:14:24] [Server thread/INFO] [libnine]: Calculating serialization mappings for class: com.trashboxbobylev.psicaster.tile.TileCaster
[00:14:24] [Server thread/INFO] [libnine]: Calculating serialization mappings for class: xyz.phanta.psicosts.tile.TileFluxResonator
[00:14:24] [Server thread/INFO] [libnine]: Calculating serialization mappings for class: io.github.phantamanta44.threng.tile.TileAggregator
[00:14:24] [Server thread/INFO] [libnine]: Calculating serialization mappings for class: io.github.phantamanta44.threng.tile.TileBigAssemblerPart
[00:14:24] [Server thread/INFO] [libnine]: Calculating serialization mappings for class: xyz.phanta.psicosts.integration.bloodmagic.TileBloodResonator
[00:14:24] [Server thread/INFO] [libnine]: Calculating serialization mappings for class: xyz.phanta.psicosts.integration.thaumcraft.TileEssentiaResonator
[00:14:24] [Server thread/INFO] [libnine]: Calculating serialization mappings for class: xyz.phanta.psicosts.integration.astral.TileStarlightResonator
[00:14:24] [Server thread/INFO] [libnine]: Calculating serialization mappings for class: xyz.phanta.psicosts.integration.botania.TileManaResonator
[00:14:25] [Server thread/WARN] [net.minecraft.server.MinecraftServer]: Can't keep up! Did the system time change, or is the server overloaded? Running 5330ms behind, skipping 67 tick(s)
[00:14:38] [Server thread/WARN] [net.minecraft.world.storage.loot.LootTable]: Tried to over-fill a container
[00:14:38] [Server thread/WARN] [net.minecraft.world.storage.loot.LootTable]: Tried to over-fill a container
[00:14:39] [Server thread/WARN] [net.minecraft.world.storage.loot.LootTable]: Tried to over-fill a container
[00:14:39] [Server thread/WARN] [net.minecraft.world.storage.loot.LootTable]: Tried to over-fill a container
[00:14:39] [Server thread/WARN] [net.minecraft.world.storage.loot.LootTable]: Tried to over-fill a container
[00:14:39] [Server thread/WARN] [net.minecraft.world.storage.loot.LootTable]: Tried to over-fill a container
[00:14:51] [Server thread/WARN] [net.minecraft.world.storage.loot.LootTable]: Tried to over-fill a container
[00:14:54] [Server thread/WARN] [net.minecraft.world.storage.loot.LootTable]: Tried to over-fill a container
[00:14:56] [Server thread/WARN] [net.minecraft.world.storage.loot.LootTable]: Tried to over-fill a container
[00:14:57] [Server thread/WARN] [net.minecraft.world.storage.loot.LootTable]: Tried to over-fill a container
[00:14:58] [Server thread/WARN] [net.minecraft.world.storage.loot.LootTable]: Tried to over-fill a container
[00:14:58] [Server thread/WARN] [net.minecraft.world.storage.loot.LootTable]: Tried to over-fill a container
[00:15:02] [Server thread/WARN] [net.minecraft.world.storage.loot.LootTable]: Tried to over-fill a container
[00:15:07] [Server thread/WARN] [net.minecraft.world.storage.loot.LootTable]: Tried to over-fill a container
[00:15:08] [Server thread/WARN] [net.minecraft.world.storage.loot.LootTable]: Tried to over-fill a container
[00:15:08] [Server thread/WARN] [net.minecraft.world.storage.loot.LootTable]: Tried to over-fill a container
[00:15:10] [Server thread/WARN] [net.minecraft.world.storage.loot.LootTable]: Tried to over-fill a container
[00:15:12] [Server thread/WARN] [net.minecraft.world.storage.loot.LootTable]: Tried to over-fill a container
[00:15:12] [Server thread/WARN] [net.minecraft.world.storage.loot.LootTable]: Tried to over-fill a container
[00:15:12] [Server thread/INFO] [com.dynamic_view.DynView]: Mean tick: 47ms decreasing chunk view distance to: 13
[00:15:20] [Server thread/WARN] [net.minecraft.world.storage.loot.LootTable]: Tried to over-fill a container
[00:15:20] [Server thread/WARN] [net.minecraft.world.storage.loot.LootTable]: Tried to over-fill a container
[00:15:27] [Server thread/INFO] [com.dynamic_view.DynView]: Mean tick: 12ms increasing chunk view distance to: 14
[00:15:36] [Server thread/INFO] [net.minecraft.server.dedicated.DedicatedServer]: Blackberet has made the advancement [My Name is Nobody]
